c:\users\bruno trindade\desktop\ragnarok server\01_emulator\hercules_renewal\vcproj-16\login-server\debug\scanner.obj
c:\users\bruno trindade\desktop\ragnarok server\01_emulator\hercules_renewal\vcproj-16\login-server\debug\mutex.obj
c:\users\bruno trindade\desktop\ragnarok server\01_emulator\hercules_renewal\vcproj-16\login-server\debug\lclif.obj
c:\users\bruno trindade\desktop\ragnarok server\01_emulator\hercules_renewal\vcproj-16\login-server\debug\packets.obj
c:\users\bruno trindade\desktop\ragnarok server\01_emulator\hercules_renewal\vcproj-16\login-server\debug\ers.obj
c:\users\bruno trindade\desktop\ragnarok server\01_emulator\hercules_renewal\vcproj-16\login-server\debug\hpm.obj
c:\users\bruno trindade\desktop\ragnarok server\01_emulator\hercules_renewal\vcproj-16\login-server\debug\sql.obj
c:\users\bruno trindade\desktop\ragnarok server\01_emulator\hercules_renewal\vcproj-16\login-server\debug\mt19937ar.obj
c:\users\bruno trindade\desktop\ragnarok server\01_emulator\hercules_renewal\vcproj-16\login-server\debug\libconfig.obj
c:\users\bruno trindade\desktop\ragnarok server\01_emulator\hercules_renewal\vcproj-16\login-server\debug\thread.obj
c:\users\bruno trindade\desktop\ragnarok server\01_emulator\hercules_renewal\vcproj-16\login-server\debug\ipban.obj
c:\users\bruno trindade\desktop\ragnarok server\01_emulator\hercules_renewal\vcproj-16\login-server\debug\conf.obj
c:\users\bruno trindade\desktop\ragnarok server\01_emulator\hercules_renewal\vcproj-16\login-server\debug\core.obj
c:\users\bruno trindade\desktop\ragnarok server\01_emulator\hercules_renewal\vcproj-16\login-server\debug\memmgr.obj
c:\users\bruno trindade\desktop\ragnarok server\01_emulator\hercules_renewal\vcproj-16\login-server\debug\nullpo.obj
c:\users\bruno trindade\desktop\ragnarok server\01_emulator\hercules_renewal\vcproj-16\login-server\debug\socket.obj
c:\users\bruno trindade\desktop\ragnarok server\01_emulator\hercules_renewal\vcproj-16\login-server\debug\timer.obj
c:\users\bruno trindade\desktop\ragnarok server\01_emulator\hercules_renewal\vcproj-16\login-server\debug\scanctx.obj
c:\users\bruno trindade\desktop\ragnarok server\01_emulator\hercules_renewal\vcproj-16\login-server\debug\strbuf.obj
c:\users\bruno trindade\desktop\ragnarok server\01_emulator\hercules_renewal\vcproj-16\login-server\debug\account.obj
c:\users\bruno trindade\desktop\ragnarok server\01_emulator\hercules_renewal\vcproj-16\login-server\debug\login.obj
c:\users\bruno trindade\desktop\ragnarok server\01_emulator\hercules_renewal\vcproj-16\login-server\debug\console.obj
c:\users\bruno trindade\desktop\ragnarok server\01_emulator\hercules_renewal\vcproj-16\login-server\debug\random.obj
c:\users\bruno trindade\desktop\ragnarok server\01_emulator\hercules_renewal\vcproj-16\login-server\debug\strlib.obj
c:\users\bruno trindade\desktop\ragnarok server\01_emulator\hercules_renewal\vcproj-16\login-server\debug\utils.obj
c:\users\bruno trindade\desktop\ragnarok server\01_emulator\hercules_renewal\vcproj-16\login-server\debug\grammar.obj
c:\users\bruno trindade\desktop\ragnarok server\01_emulator\hercules_renewal\vcproj-16\login-server\debug\des.obj
c:\users\bruno trindade\desktop\ragnarok server\01_emulator\hercules_renewal\vcproj-16\login-server\debug\hpmlogin.obj
c:\users\bruno trindade\desktop\ragnarok server\01_emulator\hercules_renewal\vcproj-16\login-server\debug\loginlog.obj
c:\users\bruno trindade\desktop\ragnarok server\01_emulator\hercules_renewal\vcproj-16\login-server\debug\db.obj
c:\users\bruno trindade\desktop\ragnarok server\01_emulator\hercules_renewal\vcproj-16\login-server\debug\grfio.obj
c:\users\bruno trindade\desktop\ragnarok server\01_emulator\hercules_renewal\vcproj-16\login-server\debug\md5calc.obj
c:\users\bruno trindade\desktop\ragnarok server\01_emulator\hercules_renewal\vcproj-16\login-server\debug\showmsg.obj
c:\users\bruno trindade\desktop\ragnarok server\01_emulator\hercules_renewal\vcproj-16\login-server\debug\sysinfo.obj
c:\users\bruno trindade\desktop\ragnarok server\01_emulator\hercules_renewal\vcproj-16\login-server\debug\vc142.pdb
c:\users\bruno trindade\desktop\ragnarok server\01_emulator\hercules_renewal\login-server.ilk
c:\users\bruno trindade\desktop\ragnarok server\01_emulator\hercules_renewal\login-server.exe
c:\users\bruno trindade\desktop\ragnarok server\01_emulator\hercules_renewal\login-server.pdb
c:\users\bruno trindade\desktop\ragnarok server\01_emulator\hercules_renewal\login-server.lib
c:\users\bruno trindade\desktop\ragnarok server\01_emulator\hercules_renewal\login-server.exp
c:\users\bruno trindade\desktop\ragnarok server\01_emulator\hercules_renewal\vcproj-16\login-server\debug\vc142.idb
c:\users\bruno trindade\desktop\ragnarok server\01_emulator\hercules_renewal\vcproj-16\..\login-server.exe
c:\users\bruno trindade\desktop\ragnarok server\01_emulator\hercules_renewal\vcproj-16\login-server\debug\login-server.tlog\cl.11380.write.1.tlog
c:\users\bruno trindade\desktop\ragnarok server\01_emulator\hercules_renewal\vcproj-16\login-server\debug\login-server.tlog\cl.command.1.tlog
c:\users\bruno trindade\desktop\ragnarok server\01_emulator\hercules_renewal\vcproj-16\login-server\debug\login-server.tlog\cl.read.1.tlog
c:\users\bruno trindade\desktop\ragnarok server\01_emulator\hercules_renewal\vcproj-16\login-server\debug\login-server.tlog\link.command.1.tlog
c:\users\bruno trindade\desktop\ragnarok server\01_emulator\hercules_renewal\vcproj-16\login-server\debug\login-server.tlog\link.delete.1.tlog
c:\users\bruno trindade\desktop\ragnarok server\01_emulator\hercules_renewal\vcproj-16\login-server\debug\login-server.tlog\link.read.1.tlog
c:\users\bruno trindade\desktop\ragnarok server\01_emulator\hercules_renewal\vcproj-16\login-server\debug\login-server.tlog\link.write.1.tlog
c:\users\bruno trindade\desktop\ragnarok server\01_emulator\hercules_renewal\vcproj-16\login-server\debug\login-server.tlog\login-server.write.1u.tlog
