  grammar.c
  libconfig.c
  scanctx.c
  scanner.c
  strbuf.c
  des.c
  mutex.c
  thread.c
  account.c
  HPMlogin.c
  ipban.c
  lclif.c
  login.c
  loginlog.c
  conf.c
  core.c
  packets.c
  console.c
  db.c
  ers.c
  grfio.c
  HPM.c
  memmgr.c
  md5calc.c
  nullpo.c
  random.c
  showmsg.c
  socket.c
  sql.c
  strlib.c
  sysinfo.c
  timer.c
  utils.c
  mt19937ar.c
     Criando biblioteca ..\login-server.lib e objeto ..\login-server.exp
  login-server.vcxproj -> C:\Users\Bruno Trindade\Desktop\Ragnarok Server\01_emulator\hercules_RENEWAL\vcproj-16\..\login-server.exe
