c:\users\bruno trindade\desktop\ragnarok server\01_emulator\hercules_renewal\vcproj-16\map-server\debug\libconfig.obj
c:\users\bruno trindade\desktop\ragnarok server\01_emulator\hercules_renewal\vcproj-16\map-server\debug\mt19937ar.obj
c:\users\bruno trindade\desktop\ragnarok server\01_emulator\hercules_renewal\vcproj-16\map-server\debug\packets.obj
c:\users\bruno trindade\desktop\ragnarok server\01_emulator\hercules_renewal\vcproj-16\map-server\debug\des.obj
c:\users\bruno trindade\desktop\ragnarok server\01_emulator\hercules_renewal\vcproj-16\map-server\debug\ers.obj
c:\users\bruno trindade\desktop\ragnarok server\01_emulator\hercules_renewal\vcproj-16\map-server\debug\hpm.obj
c:\users\bruno trindade\desktop\ragnarok server\01_emulator\hercules_renewal\vcproj-16\map-server\debug\socket.obj
c:\users\bruno trindade\desktop\ragnarok server\01_emulator\hercules_renewal\vcproj-16\map-server\debug\timer.obj
c:\users\bruno trindade\desktop\ragnarok server\01_emulator\hercules_renewal\vcproj-16\map-server\debug\atcommand.obj
c:\users\bruno trindade\desktop\ragnarok server\01_emulator\hercules_renewal\vcproj-16\map-server\debug\chrif.obj
c:\users\bruno trindade\desktop\ragnarok server\01_emulator\hercules_renewal\vcproj-16\map-server\debug\elemental.obj
c:\users\bruno trindade\desktop\ragnarok server\01_emulator\hercules_renewal\vcproj-16\map-server\debug\itemdb.obj
c:\users\bruno trindade\desktop\ragnarok server\01_emulator\hercules_renewal\vcproj-16\map-server\debug\homunculus.obj
c:\users\bruno trindade\desktop\ragnarok server\01_emulator\hercules_renewal\vcproj-16\map-server\debug\mob.obj
c:\users\bruno trindade\desktop\ragnarok server\01_emulator\hercules_renewal\vcproj-16\map-server\debug\pc.obj
c:\users\bruno trindade\desktop\ragnarok server\01_emulator\hercules_renewal\vcproj-16\map-server\debug\skill.obj
c:\users\bruno trindade\desktop\ragnarok server\01_emulator\hercules_renewal\vcproj-16\map-server\debug\unit.obj
c:\users\bruno trindade\desktop\ragnarok server\01_emulator\hercules_renewal\vcproj-16\map-server\debug\scanctx.obj
c:\users\bruno trindade\desktop\ragnarok server\01_emulator\hercules_renewal\vcproj-16\map-server\debug\strbuf.obj
c:\users\bruno trindade\desktop\ragnarok server\01_emulator\hercules_renewal\vcproj-16\map-server\debug\console.obj
c:\users\bruno trindade\desktop\ragnarok server\01_emulator\hercules_renewal\vcproj-16\map-server\debug\md5calc.obj
c:\users\bruno trindade\desktop\ragnarok server\01_emulator\hercules_renewal\vcproj-16\map-server\debug\random.obj
c:\users\bruno trindade\desktop\ragnarok server\01_emulator\hercules_renewal\vcproj-16\map-server\debug\strlib.obj
c:\users\bruno trindade\desktop\ragnarok server\01_emulator\hercules_renewal\vcproj-16\map-server\debug\thread.obj
c:\users\bruno trindade\desktop\ragnarok server\01_emulator\hercules_renewal\vcproj-16\map-server\debug\achievement.obj
c:\users\bruno trindade\desktop\ragnarok server\01_emulator\hercules_renewal\vcproj-16\map-server\debug\battleground.obj
c:\users\bruno trindade\desktop\ragnarok server\01_emulator\hercules_renewal\vcproj-16\map-server\debug\channel.obj
c:\users\bruno trindade\desktop\ragnarok server\01_emulator\hercules_renewal\vcproj-16\map-server\debug\date.obj
c:\users\bruno trindade\desktop\ragnarok server\01_emulator\hercules_renewal\vcproj-16\map-server\debug\guild.obj
c:\users\bruno trindade\desktop\ragnarok server\01_emulator\hercules_renewal\vcproj-16\map-server\debug\log.obj
c:\users\bruno trindade\desktop\ragnarok server\01_emulator\hercules_renewal\vcproj-16\map-server\debug\hpmmap.obj
c:\users\bruno trindade\desktop\ragnarok server\01_emulator\hercules_renewal\vcproj-16\map-server\debug\npc.obj
c:\users\bruno trindade\desktop\ragnarok server\01_emulator\hercules_renewal\vcproj-16\map-server\debug\pet.obj
c:\users\bruno trindade\desktop\ragnarok server\01_emulator\hercules_renewal\vcproj-16\map-server\debug\rodex.obj
c:\users\bruno trindade\desktop\ragnarok server\01_emulator\hercules_renewal\vcproj-16\map-server\debug\searchstore.obj
c:\users\bruno trindade\desktop\ragnarok server\01_emulator\hercules_renewal\vcproj-16\map-server\debug\storage.obj
c:\users\bruno trindade\desktop\ragnarok server\01_emulator\hercules_renewal\vcproj-16\map-server\debug\stylist.obj
c:\users\bruno trindade\desktop\ragnarok server\01_emulator\hercules_renewal\vcproj-16\map-server\debug\vending.obj
c:\users\bruno trindade\desktop\ragnarok server\01_emulator\hercules_renewal\vcproj-16\map-server\debug\scanner.obj
c:\users\bruno trindade\desktop\ragnarok server\01_emulator\hercules_renewal\vcproj-16\map-server\debug\conf.obj
c:\users\bruno trindade\desktop\ragnarok server\01_emulator\hercules_renewal\vcproj-16\map-server\debug\db.obj
c:\users\bruno trindade\desktop\ragnarok server\01_emulator\hercules_renewal\vcproj-16\map-server\debug\grfio.obj
c:\users\bruno trindade\desktop\ragnarok server\01_emulator\hercules_renewal\vcproj-16\map-server\debug\memmgr.obj
c:\users\bruno trindade\desktop\ragnarok server\01_emulator\hercules_renewal\vcproj-16\map-server\debug\mutex.obj
c:\users\bruno trindade\desktop\ragnarok server\01_emulator\hercules_renewal\vcproj-16\map-server\debug\sql.obj
c:\users\bruno trindade\desktop\ragnarok server\01_emulator\hercules_renewal\vcproj-16\map-server\debug\utils.obj
c:\users\bruno trindade\desktop\ragnarok server\01_emulator\hercules_renewal\vcproj-16\map-server\debug\buyingstore.obj
c:\users\bruno trindade\desktop\ragnarok server\01_emulator\hercules_renewal\vcproj-16\map-server\debug\clan.obj
c:\users\bruno trindade\desktop\ragnarok server\01_emulator\hercules_renewal\vcproj-16\map-server\debug\duel.obj
c:\users\bruno trindade\desktop\ragnarok server\01_emulator\hercules_renewal\vcproj-16\map-server\debug\intif.obj
c:\users\bruno trindade\desktop\ragnarok server\01_emulator\hercules_renewal\vcproj-16\map-server\debug\mail.obj
c:\users\bruno trindade\desktop\ragnarok server\01_emulator\hercules_renewal\vcproj-16\map-server\debug\mapreg_sql.obj
c:\users\bruno trindade\desktop\ragnarok server\01_emulator\hercules_renewal\vcproj-16\map-server\debug\instance.obj
c:\users\bruno trindade\desktop\ragnarok server\01_emulator\hercules_renewal\vcproj-16\map-server\debug\npc_chat.obj
c:\users\bruno trindade\desktop\ragnarok server\01_emulator\hercules_renewal\vcproj-16\map-server\debug\party.obj
c:\users\bruno trindade\desktop\ragnarok server\01_emulator\hercules_renewal\vcproj-16\map-server\debug\quest.obj
c:\users\bruno trindade\desktop\ragnarok server\01_emulator\hercules_renewal\vcproj-16\map-server\debug\status.obj
c:\users\bruno trindade\desktop\ragnarok server\01_emulator\hercules_renewal\vcproj-16\map-server\debug\trade.obj
c:\users\bruno trindade\desktop\ragnarok server\01_emulator\hercules_renewal\vcproj-16\map-server\debug\grammar.obj
c:\users\bruno trindade\desktop\ragnarok server\01_emulator\hercules_renewal\vcproj-16\map-server\debug\core.obj
c:\users\bruno trindade\desktop\ragnarok server\01_emulator\hercules_renewal\vcproj-16\map-server\debug\mapindex.obj
c:\users\bruno trindade\desktop\ragnarok server\01_emulator\hercules_renewal\vcproj-16\map-server\debug\nullpo.obj
c:\users\bruno trindade\desktop\ragnarok server\01_emulator\hercules_renewal\vcproj-16\map-server\debug\showmsg.obj
c:\users\bruno trindade\desktop\ragnarok server\01_emulator\hercules_renewal\vcproj-16\map-server\debug\sysinfo.obj
c:\users\bruno trindade\desktop\ragnarok server\01_emulator\hercules_renewal\vcproj-16\map-server\debug\battle.obj
c:\users\bruno trindade\desktop\ragnarok server\01_emulator\hercules_renewal\vcproj-16\map-server\debug\chat.obj
c:\users\bruno trindade\desktop\ragnarok server\01_emulator\hercules_renewal\vcproj-16\map-server\debug\clif.obj
c:\users\bruno trindade\desktop\ragnarok server\01_emulator\hercules_renewal\vcproj-16\map-server\debug\irc-bot.obj
c:\users\bruno trindade\desktop\ragnarok server\01_emulator\hercules_renewal\vcproj-16\map-server\debug\map.obj
c:\users\bruno trindade\desktop\ragnarok server\01_emulator\hercules_renewal\vcproj-16\map-server\debug\mercenary.obj
c:\users\bruno trindade\desktop\ragnarok server\01_emulator\hercules_renewal\vcproj-16\map-server\debug\path.obj
c:\users\bruno trindade\desktop\ragnarok server\01_emulator\hercules_renewal\vcproj-16\map-server\debug\pc_groups.obj
c:\users\bruno trindade\desktop\ragnarok server\01_emulator\hercules_renewal\vcproj-16\map-server\debug\refine.obj
c:\users\bruno trindade\desktop\ragnarok server\01_emulator\hercules_renewal\vcproj-16\map-server\debug\script.obj
c:\users\bruno trindade\desktop\ragnarok server\01_emulator\hercules_renewal\vcproj-16\map-server\debug\vc142.pdb
c:\users\bruno trindade\desktop\ragnarok server\01_emulator\hercules_renewal\map-server.ilk
c:\users\bruno trindade\desktop\ragnarok server\01_emulator\hercules_renewal\map-server.exe
c:\users\bruno trindade\desktop\ragnarok server\01_emulator\hercules_renewal\map-server.pdb
c:\users\bruno trindade\desktop\ragnarok server\01_emulator\hercules_renewal\map-server.lib
c:\users\bruno trindade\desktop\ragnarok server\01_emulator\hercules_renewal\map-server.exp
c:\users\bruno trindade\desktop\ragnarok server\01_emulator\hercules_renewal\vcproj-16\map-server\debug\vc142.idb
c:\users\bruno trindade\desktop\ragnarok server\01_emulator\hercules_renewal\vcproj-16\..\map-server.exe
c:\users\bruno trindade\desktop\ragnarok server\01_emulator\hercules_renewal\vcproj-16\map-server\debug\map-server.tlog\cl.16728.write.1.tlog
c:\users\bruno trindade\desktop\ragnarok server\01_emulator\hercules_renewal\vcproj-16\map-server\debug\map-server.tlog\cl.command.1.tlog
c:\users\bruno trindade\desktop\ragnarok server\01_emulator\hercules_renewal\vcproj-16\map-server\debug\map-server.tlog\cl.read.1.tlog
c:\users\bruno trindade\desktop\ragnarok server\01_emulator\hercules_renewal\vcproj-16\map-server\debug\map-server.tlog\link.command.1.tlog
c:\users\bruno trindade\desktop\ragnarok server\01_emulator\hercules_renewal\vcproj-16\map-server\debug\map-server.tlog\link.delete.1.tlog
c:\users\bruno trindade\desktop\ragnarok server\01_emulator\hercules_renewal\vcproj-16\map-server\debug\map-server.tlog\link.read.1.tlog
c:\users\bruno trindade\desktop\ragnarok server\01_emulator\hercules_renewal\vcproj-16\map-server\debug\map-server.tlog\link.write.1.tlog
c:\users\bruno trindade\desktop\ragnarok server\01_emulator\hercules_renewal\vcproj-16\map-server\debug\map-server.tlog\map-server.write.1u.tlog
