c:\users\bruno trindade\desktop\ragnarok server\01_emulator\hercules_renewal\char-server.lib
c:\users\bruno trindade\desktop\ragnarok server\01_emulator\hercules_renewal\char-server.exp
c:\users\bruno trindade\desktop\ragnarok server\01_emulator\hercules_renewal\vcproj-16\char-server\debug\grammar.obj
c:\users\bruno trindade\desktop\ragnarok server\01_emulator\hercules_renewal\vcproj-16\char-server\debug\mt19937ar.obj
c:\users\bruno trindade\desktop\ragnarok server\01_emulator\hercules_renewal\vcproj-16\char-server\debug\packets.obj
c:\users\bruno trindade\desktop\ragnarok server\01_emulator\hercules_renewal\vcproj-16\char-server\debug\db.obj
c:\users\bruno trindade\desktop\ragnarok server\01_emulator\hercules_renewal\vcproj-16\char-server\debug\des.obj
c:\users\bruno trindade\desktop\ragnarok server\01_emulator\hercules_renewal\vcproj-16\char-server\debug\ers.obj
c:\users\bruno trindade\desktop\ragnarok server\01_emulator\hercules_renewal\vcproj-16\char-server\debug\memmgr.obj
c:\users\bruno trindade\desktop\ragnarok server\01_emulator\hercules_renewal\vcproj-16\char-server\debug\md5calc.obj
c:\users\bruno trindade\desktop\ragnarok server\01_emulator\hercules_renewal\vcproj-16\char-server\debug\random.obj
c:\users\bruno trindade\desktop\ragnarok server\01_emulator\hercules_renewal\vcproj-16\char-server\debug\strlib.obj
c:\users\bruno trindade\desktop\ragnarok server\01_emulator\hercules_renewal\vcproj-16\char-server\debug\thread.obj
c:\users\bruno trindade\desktop\ragnarok server\01_emulator\hercules_renewal\vcproj-16\char-server\debug\hpmchar.obj
c:\users\bruno trindade\desktop\ragnarok server\01_emulator\hercules_renewal\vcproj-16\char-server\debug\int_clan.obj
c:\users\bruno trindade\desktop\ragnarok server\01_emulator\hercules_renewal\vcproj-16\char-server\debug\int_mail.obj
c:\users\bruno trindade\desktop\ragnarok server\01_emulator\hercules_renewal\vcproj-16\char-server\debug\int_quest.obj
c:\users\bruno trindade\desktop\ragnarok server\01_emulator\hercules_renewal\vcproj-16\char-server\debug\mapif.obj
c:\users\bruno trindade\desktop\ragnarok server\01_emulator\hercules_renewal\vcproj-16\char-server\debug\libconfig.obj
c:\users\bruno trindade\desktop\ragnarok server\01_emulator\hercules_renewal\vcproj-16\char-server\debug\conf.obj
c:\users\bruno trindade\desktop\ragnarok server\01_emulator\hercules_renewal\vcproj-16\char-server\debug\console.obj
c:\users\bruno trindade\desktop\ragnarok server\01_emulator\hercules_renewal\vcproj-16\char-server\debug\mapindex.obj
c:\users\bruno trindade\desktop\ragnarok server\01_emulator\hercules_renewal\vcproj-16\char-server\debug\nullpo.obj
c:\users\bruno trindade\desktop\ragnarok server\01_emulator\hercules_renewal\vcproj-16\char-server\debug\showmsg.obj
c:\users\bruno trindade\desktop\ragnarok server\01_emulator\hercules_renewal\vcproj-16\char-server\debug\sysinfo.obj
c:\users\bruno trindade\desktop\ragnarok server\01_emulator\hercules_renewal\vcproj-16\char-server\debug\geoip.obj
c:\users\bruno trindade\desktop\ragnarok server\01_emulator\hercules_renewal\vcproj-16\char-server\debug\int_auction.obj
c:\users\bruno trindade\desktop\ragnarok server\01_emulator\hercules_renewal\vcproj-16\char-server\debug\int_guild.obj
c:\users\bruno trindade\desktop\ragnarok server\01_emulator\hercules_renewal\vcproj-16\char-server\debug\int_pet.obj
c:\users\bruno trindade\desktop\ragnarok server\01_emulator\hercules_renewal\vcproj-16\char-server\debug\loginif.obj
c:\users\bruno trindade\desktop\ragnarok server\01_emulator\hercules_renewal\vcproj-16\char-server\debug\scanctx.obj
c:\users\bruno trindade\desktop\ragnarok server\01_emulator\hercules_renewal\vcproj-16\char-server\debug\int_rodex.obj
c:\users\bruno trindade\desktop\ragnarok server\01_emulator\hercules_renewal\vcproj-16\char-server\debug\grfio.obj
c:\users\bruno trindade\desktop\ragnarok server\01_emulator\hercules_renewal\vcproj-16\char-server\debug\mutex.obj
c:\users\bruno trindade\desktop\ragnarok server\01_emulator\hercules_renewal\vcproj-16\char-server\debug\sql.obj
c:\users\bruno trindade\desktop\ragnarok server\01_emulator\hercules_renewal\vcproj-16\char-server\debug\utils.obj
c:\users\bruno trindade\desktop\ragnarok server\01_emulator\hercules_renewal\vcproj-16\char-server\debug\int_achievement.obj
c:\users\bruno trindade\desktop\ragnarok server\01_emulator\hercules_renewal\vcproj-16\char-server\debug\int_elemental.obj
c:\users\bruno trindade\desktop\ragnarok server\01_emulator\hercules_renewal\vcproj-16\char-server\debug\int_mercenary.obj
c:\users\bruno trindade\desktop\ragnarok server\01_emulator\hercules_renewal\vcproj-16\char-server\debug\int_storage.obj
c:\users\bruno trindade\desktop\ragnarok server\01_emulator\hercules_renewal\vcproj-16\char-server\debug\pincode.obj
c:\users\bruno trindade\desktop\ragnarok server\01_emulator\hercules_renewal\vcproj-16\char-server\debug\scanner.obj
c:\users\bruno trindade\desktop\ragnarok server\01_emulator\hercules_renewal\vcproj-16\char-server\debug\strbuf.obj
c:\users\bruno trindade\desktop\ragnarok server\01_emulator\hercules_renewal\vcproj-16\char-server\debug\core.obj
c:\users\bruno trindade\desktop\ragnarok server\01_emulator\hercules_renewal\vcproj-16\char-server\debug\hpm.obj
c:\users\bruno trindade\desktop\ragnarok server\01_emulator\hercules_renewal\vcproj-16\char-server\debug\socket.obj
c:\users\bruno trindade\desktop\ragnarok server\01_emulator\hercules_renewal\vcproj-16\char-server\debug\timer.obj
c:\users\bruno trindade\desktop\ragnarok server\01_emulator\hercules_renewal\vcproj-16\char-server\debug\char.obj
c:\users\bruno trindade\desktop\ragnarok server\01_emulator\hercules_renewal\vcproj-16\char-server\debug\int_homun.obj
c:\users\bruno trindade\desktop\ragnarok server\01_emulator\hercules_renewal\vcproj-16\char-server\debug\int_party.obj
c:\users\bruno trindade\desktop\ragnarok server\01_emulator\hercules_renewal\vcproj-16\char-server\debug\inter.obj
c:\users\bruno trindade\desktop\ragnarok server\01_emulator\hercules_renewal\vcproj-16\char-server\debug\vc142.pdb
c:\users\bruno trindade\desktop\ragnarok server\01_emulator\hercules_renewal\char-server.ilk
c:\users\bruno trindade\desktop\ragnarok server\01_emulator\hercules_renewal\char-server.exe
c:\users\bruno trindade\desktop\ragnarok server\01_emulator\hercules_renewal\char-server.pdb
c:\users\bruno trindade\desktop\ragnarok server\01_emulator\hercules_renewal\vcproj-16\char-server\debug\vc142.idb
c:\users\bruno trindade\desktop\ragnarok server\01_emulator\hercules_renewal\vcproj-16\..\char-server.exe
c:\users\bruno trindade\desktop\ragnarok server\01_emulator\hercules_renewal\vcproj-16\char-server\debug\char-server.tlog\char-server.write.1u.tlog
c:\users\bruno trindade\desktop\ragnarok server\01_emulator\hercules_renewal\vcproj-16\char-server\debug\char-server.tlog\cl.10212.write.1.tlog
c:\users\bruno trindade\desktop\ragnarok server\01_emulator\hercules_renewal\vcproj-16\char-server\debug\char-server.tlog\cl.command.1.tlog
c:\users\bruno trindade\desktop\ragnarok server\01_emulator\hercules_renewal\vcproj-16\char-server\debug\char-server.tlog\cl.read.1.tlog
c:\users\bruno trindade\desktop\ragnarok server\01_emulator\hercules_renewal\vcproj-16\char-server\debug\char-server.tlog\link.command.1.tlog
c:\users\bruno trindade\desktop\ragnarok server\01_emulator\hercules_renewal\vcproj-16\char-server\debug\char-server.tlog\link.read.1.tlog
c:\users\bruno trindade\desktop\ragnarok server\01_emulator\hercules_renewal\vcproj-16\char-server\debug\char-server.tlog\link.write.1.tlog
